[4.172s] Invoking command in '/home/adavya/ros2_led_ws/src/led_control': PYTHONPATH=/home/adavya/ros2_led_ws/build/led_control/prefix_override:/home/adavya/ros2_led_ws/install/led_control/lib/python3.10/site-packages:${PYTHONPATH} /usr/bin/python3 -W ignore:setup.py install is deprecated setup.py egg_info --egg-base ../../build/led_control build --build-base /home/adavya/ros2_led_ws/build/led_control/build install --record /home/adavya/ros2_led_ws/build/led_control/install.log --single-version-externally-managed install_data
[5.460s] running egg_info
[5.465s] writing ../../build/led_control/led_control.egg-info/PKG-INFO
[5.466s] writing dependency_links to ../../build/led_control/led_control.egg-info/dependency_links.txt
[5.468s] writing entry points to ../../build/led_control/led_control.egg-info/entry_points.txt
[5.469s] writing requirements to ../../build/led_control/led_control.egg-info/requires.txt
[5.470s] writing top-level names to ../../build/led_control/led_control.egg-info/top_level.txt
[5.478s] reading manifest file '../../build/led_control/led_control.egg-info/SOURCES.txt'
[5.482s] writing manifest file '../../build/led_control/led_control.egg-info/SOURCES.txt'
[5.482s] running build
[5.483s] running build_py
[5.485s] running install
[5.487s] running install_lib
[5.494s] running install_data
[5.495s] running install_egg_info
[5.501s] removing '/home/adavya/ros2_led_ws/install/led_control/lib/python3.10/site-packages/led_control-0.0.0-py3.10.egg-info' (and everything under it)
[5.502s] Copying ../../build/led_control/led_control.egg-info to /home/adavya/ros2_led_ws/install/led_control/lib/python3.10/site-packages/led_control-0.0.0-py3.10.egg-info
[5.510s] running install_scripts
[5.605s] Installing led_control_node script to /home/adavya/ros2_led_ws/install/led_control/lib/led_control
[5.608s] writing list of installed files to '/home/adavya/ros2_led_ws/build/led_control/install.log'
[5.797s] Invoked command in '/home/adavya/ros2_led_ws/src/led_control' returned '0': PYTHONPATH=/home/adavya/ros2_led_ws/build/led_control/prefix_override:/home/adavya/ros2_led_ws/install/led_control/lib/python3.10/site-packages:${PYTHONPATH} /usr/bin/python3 -W ignore:setup.py install is deprecated setup.py egg_info --egg-base ../../build/led_control build --build-base /home/adavya/ros2_led_ws/build/led_control/build install --record /home/adavya/ros2_led_ws/build/led_control/install.log --single-version-externally-managed install_data
