[0.476s] DEBUG:colcon:Command line arguments: ['/usr/bin/colcon', 'build']
[0.476s] DEBUG:colcon:Parsed command line arguments: Namespace(log_base=None, log_level=None, verb_name='build', build_base='build', install_base='install', merge_install=False, symlink_install=False, test_result_base=None, continue_on_error=False, executor='parallel', parallel_workers=4, event_handlers=None, ignore_user_meta=False, metas=['./colcon.meta'], base_paths=['.'], packages_ignore=None, packages_ignore_regex=None, paths=None, packages_up_to=None, packages_up_to_regex=None, packages_above=None, packages_above_and_dependencies=None, packages_above_depth=None, packages_select_by_dep=None, packages_skip_by_dep=None, packages_skip_up_to=None, packages_select_build_failed=False, packages_skip_build_finished=False, packages_select_test_failures=False, packages_skip_test_passed=False, packages_select=None, packages_skip=None, packages_select_regex=None, packages_skip_regex=None, packages_start=None, packages_end=None, allow_overriding=[], cmake_args=None, cmake_target=None, cmake_target_skip_unavailable=False, cmake_clean_cache=False, cmake_clean_first=False, cmake_force_configure=False, ament_cmake_args=None, catkin_cmake_args=None, catkin_skip_building_tests=False, mixin_files=None, mixin=None, verb_parser=<colcon_mixin.mixin.mixin_argument.MixinArgumentDecorator object at 0xffff83571e40>, verb_extension=<colcon_core.verb.build.BuildVerb object at 0xffff83692440>, main=<bound method BuildVerb.main of <colcon_core.verb.build.BuildVerb object at 0xffff83692440>>, mixin_verb=('build',))
[1.266s] Level 1:colcon.colcon_core.package_discovery:discover_packages(colcon_meta) check parameters
[1.266s] Level 1:colcon.colcon_core.package_discovery:discover_packages(recursive) check parameters
[1.267s] Level 1:colcon.colcon_core.package_discovery:discover_packages(ignore) check parameters
[1.267s] Level 1:colcon.colcon_core.package_discovery:discover_packages(path) check parameters
[1.267s] Level 1:colcon.colcon_core.package_discovery:discover_packages(colcon_meta) discover
[1.267s] Level 1:colcon.colcon_core.package_discovery:discover_packages(recursive) discover
[1.268s] INFO:colcon.colcon_core.package_discovery:Crawling recursively for packages in '/home/adavya/ros2_led_ws'
[1.268s] Level 1:colcon.colcon_core.package_identification:_identify(.) by extensions ['ignore', 'ignore_ament_install']
[1.268s] Level 1:colcon.colcon_core.package_identification:_identify(.) by extension 'ignore'
[1.269s] Level 1:colcon.colcon_core.package_identification:_identify(.) by extension 'ignore_ament_install'
[1.269s] Level 1:colcon.colcon_core.package_identification:_identify(.) by extensions ['colcon_pkg']
[1.269s] Level 1:colcon.colcon_core.package_identification:_identify(.) by extension 'colcon_pkg'
[1.269s] Level 1:colcon.colcon_core.package_identification:_identify(.) by extensions ['colcon_meta']
[1.269s] Level 1:colcon.colcon_core.package_identification:_identify(.) by extension 'colcon_meta'
[1.269s] Level 1:colcon.colcon_core.package_identification:_identify(.) by extensions ['ros']
[1.270s] Level 1:colcon.colcon_core.package_identification:_identify(.) by extension 'ros'
[1.316s] Level 1:colcon.colcon_core.package_identification:_identify(.) by extensions ['cmake', 'python']
[1.316s] Level 1:colcon.colcon_core.package_identification:_identify(.) by extension 'cmake'
[1.316s] Level 1:colcon.colcon_core.package_identification:_identify(.) by extension 'python'
[1.316s] Level 1:colcon.colcon_core.package_identification:_identify(.) by extensions ['python_setup_py']
[1.316s] Level 1:colcon.colcon_core.package_identification:_identify(.) by extension 'python_setup_py'
[1.317s] Level 1:colcon.colcon_core.package_identification:_identify(LedControl) by extensions ['ignore', 'ignore_ament_install']
[1.317s] Level 1:colcon.colcon_core.package_identification:_identify(LedControl) by extension 'ignore'
[1.317s] Level 1:colcon.colcon_core.package_identification:_identify(LedControl) by extension 'ignore_ament_install'
[1.318s] Level 1:colcon.colcon_core.package_identification:_identify(LedControl) by extensions ['colcon_pkg']
[1.318s] Level 1:colcon.colcon_core.package_identification:_identify(LedControl) by extension 'colcon_pkg'
[1.318s] Level 1:colcon.colcon_core.package_identification:_identify(LedControl) by extensions ['colcon_meta']
[1.318s] Level 1:colcon.colcon_core.package_identification:_identify(LedControl) by extension 'colcon_meta'
[1.318s] Level 1:colcon.colcon_core.package_identification:_identify(LedControl) by extensions ['ros']
[1.319s] Level 1:colcon.colcon_core.package_identification:_identify(LedControl) by extension 'ros'
[1.319s] Level 1:colcon.colcon_core.package_identification:_identify(LedControl) by extensions ['cmake', 'python']
[1.319s] Level 1:colcon.colcon_core.package_identification:_identify(LedControl) by extension 'cmake'
[1.319s] Level 1:colcon.colcon_core.package_identification:_identify(LedControl) by extension 'python'
[1.319s] Level 1:colcon.colcon_core.package_identification:_identify(LedControl) by extensions ['python_setup_py']
[1.320s] Level 1:colcon.colcon_core.package_identification:_identify(LedControl) by extension 'python_setup_py'
[1.320s] Level 1:colcon.colcon_core.package_identification:_identify(build) by extensions ['ignore', 'ignore_ament_install']
[1.320s] Level 1:colcon.colcon_core.package_identification:_identify(build) by extension 'ignore'
[1.320s] Level 1:colcon.colcon_core.package_identification:_identify(build) ignored
[1.321s] Level 1:colcon.colcon_core.package_identification:_identify(install) by extensions ['ignore', 'ignore_ament_install']
[1.321s] Level 1:colcon.colcon_core.package_identification:_identify(install) by extension 'ignore'
[1.321s] Level 1:colcon.colcon_core.package_identification:_identify(install) ignored
[1.322s] Level 1:colcon.colcon_core.package_identification:_identify(log) by extensions ['ignore', 'ignore_ament_install']
[1.322s] Level 1:colcon.colcon_core.package_identification:_identify(log) by extension 'ignore'
[1.322s] Level 1:colcon.colcon_core.package_identification:_identify(log) ignored
[1.323s] Level 1:colcon.colcon_core.package_identification:_identify(src) by extensions ['ignore', 'ignore_ament_install']
[1.323s] Level 1:colcon.colcon_core.package_identification:_identify(src) by extension 'ignore'
[1.323s] Level 1:colcon.colcon_core.package_identification:_identify(src) by extension 'ignore_ament_install'
[1.323s] Level 1:colcon.colcon_core.package_identification:_identify(src) by extensions ['colcon_pkg']
[1.323s] Level 1:colcon.colcon_core.package_identification:_identify(src) by extension 'colcon_pkg'
[1.324s] Level 1:colcon.colcon_core.package_identification:_identify(src) by extensions ['colcon_meta']
[1.324s] Level 1:colcon.colcon_core.package_identification:_identify(src) by extension 'colcon_meta'
[1.324s] Level 1:colcon.colcon_core.package_identification:_identify(src) by extensions ['ros']
[1.324s] Level 1:colcon.colcon_core.package_identification:_identify(src) by extension 'ros'
[1.324s] Level 1:colcon.colcon_core.package_identification:_identify(src) by extensions ['cmake', 'python']
[1.324s] Level 1:colcon.colcon_core.package_identification:_identify(src) by extension 'cmake'
[1.325s] Level 1:colcon.colcon_core.package_identification:_identify(src) by extension 'python'
[1.325s] Level 1:colcon.colcon_core.package_identification:_identify(src) by extensions ['python_setup_py']
[1.325s] Level 1:colcon.colcon_core.package_identification:_identify(src) by extension 'python_setup_py'
[1.325s] Level 1:colcon.colcon_core.package_identification:_identify(src/keyboard_input_node) by extensions ['ignore', 'ignore_ament_install']
[1.326s] Level 1:colcon.colcon_core.package_identification:_identify(src/keyboard_input_node) by extension 'ignore'
[1.326s] Level 1:colcon.colcon_core.package_identification:_identify(src/keyboard_input_node) by extension 'ignore_ament_install'
[1.326s] Level 1:colcon.colcon_core.package_identification:_identify(src/keyboard_input_node) by extensions ['colcon_pkg']
[1.326s] Level 1:colcon.colcon_core.package_identification:_identify(src/keyboard_input_node) by extension 'colcon_pkg'
[1.326s] Level 1:colcon.colcon_core.package_identification:_identify(src/keyboard_input_node) by extensions ['colcon_meta']
[1.326s] Level 1:colcon.colcon_core.package_identification:_identify(src/keyboard_input_node) by extension 'colcon_meta'
[1.327s] Level 1:colcon.colcon_core.package_identification:_identify(src/keyboard_input_node) by extensions ['ros']
[1.327s] Level 1:colcon.colcon_core.package_identification:_identify(src/keyboard_input_node) by extension 'ros'
[1.335s] DEBUG:colcon.colcon_core.package_identification:Package 'src/keyboard_input_node' with type 'ros.ament_python' and name 'keyboard_input_node'
[1.336s] Level 1:colcon.colcon_core.package_identification:_identify(src/led_control) by extensions ['ignore', 'ignore_ament_install']
[1.337s] Level 1:colcon.colcon_core.package_identification:_identify(src/led_control) by extension 'ignore'
[1.337s] Level 1:colcon.colcon_core.package_identification:_identify(src/led_control) by extension 'ignore_ament_install'
[1.337s] Level 1:colcon.colcon_core.package_identification:_identify(src/led_control) by extensions ['colcon_pkg']
[1.338s] Level 1:colcon.colcon_core.package_identification:_identify(src/led_control) by extension 'colcon_pkg'
[1.338s] Level 1:colcon.colcon_core.package_identification:_identify(src/led_control) by extensions ['colcon_meta']
[1.338s] Level 1:colcon.colcon_core.package_identification:_identify(src/led_control) by extension 'colcon_meta'
[1.338s] Level 1:colcon.colcon_core.package_identification:_identify(src/led_control) by extensions ['ros']
[1.338s] Level 1:colcon.colcon_core.package_identification:_identify(src/led_control) by extension 'ros'
[1.340s] DEBUG:colcon.colcon_core.package_identification:Package 'src/led_control' with type 'ros.ament_python' and name 'led_control'
[1.340s] Level 1:colcon.colcon_core.package_discovery:discover_packages(recursive) using defaults
[1.341s] Level 1:colcon.colcon_core.package_discovery:discover_packages(ignore) discover
[1.341s] Level 1:colcon.colcon_core.package_discovery:discover_packages(ignore) using defaults
[1.341s] Level 1:colcon.colcon_core.package_discovery:discover_packages(path) discover
[1.341s] Level 1:colcon.colcon_core.package_discovery:discover_packages(path) using defaults
[1.459s] Level 1:colcon.colcon_core.package_discovery:discover_packages(prefix_path) check parameters
[1.459s] Level 1:colcon.colcon_core.package_discovery:discover_packages(prefix_path) discover
[1.466s] DEBUG:colcon.colcon_installed_package_information.package_discovery:Found 2 installed packages in /home/adavya/ros2_led_ws/install
[1.475s] DEBUG:colcon.colcon_installed_package_information.package_discovery:Found 270 installed packages in /opt/ros/humble
[1.481s] Level 1:colcon.colcon_core.package_discovery:discover_packages(prefix_path) using defaults
[1.647s] Level 5:colcon.colcon_core.verb:set package 'keyboard_input_node' build argument 'cmake_args' from command line to 'None'
[1.648s] Level 5:colcon.colcon_core.verb:set package 'keyboard_input_node' build argument 'cmake_target' from command line to 'None'
[1.648s] Level 5:colcon.colcon_core.verb:set package 'keyboard_input_node' build argument 'cmake_target_skip_unavailable' from command line to 'False'
[1.648s] Level 5:colcon.colcon_core.verb:set package 'keyboard_input_node' build argument 'cmake_clean_cache' from command line to 'False'
[1.648s] Level 5:colcon.colcon_core.verb:set package 'keyboard_input_node' build argument 'cmake_clean_first' from command line to 'False'
[1.648s] Level 5:colcon.colcon_core.verb:set package 'keyboard_input_node' build argument 'cmake_force_configure' from command line to 'False'
[1.648s] Level 5:colcon.colcon_core.verb:set package 'keyboard_input_node' build argument 'ament_cmake_args' from command line to 'None'
[1.648s] Level 5:colcon.colcon_core.verb:set package 'keyboard_input_node' build argument 'catkin_cmake_args' from command line to 'None'
[1.648s] Level 5:colcon.colcon_core.verb:set package 'keyboard_input_node' build argument 'catkin_skip_building_tests' from command line to 'False'
[1.649s] DEBUG:colcon.colcon_core.verb:Building package 'keyboard_input_node' with the following arguments: {'ament_cmake_args': None, 'build_base': '/home/adavya/ros2_led_ws/build/keyboard_input_node', 'catkin_cmake_args': None, 'catkin_skip_building_tests': False, 'cmake_args': None, 'cmake_clean_cache': False, 'cmake_clean_first': False, 'cmake_force_configure': False, 'cmake_target': None, 'cmake_target_skip_unavailable': False, 'install_base': '/home/adavya/ros2_led_ws/install/keyboard_input_node', 'merge_install': False, 'path': '/home/adavya/ros2_led_ws/src/keyboard_input_node', 'symlink_install': False, 'test_result_base': None}
[1.650s] Level 5:colcon.colcon_core.verb:set package 'led_control' build argument 'cmake_args' from command line to 'None'
[1.650s] Level 5:colcon.colcon_core.verb:set package 'led_control' build argument 'cmake_target' from command line to 'None'
[1.650s] Level 5:colcon.colcon_core.verb:set package 'led_control' build argument 'cmake_target_skip_unavailable' from command line to 'False'
[1.651s] Level 5:colcon.colcon_core.verb:set package 'led_control' build argument 'cmake_clean_cache' from command line to 'False'
[1.651s] Level 5:colcon.colcon_core.verb:set package 'led_control' build argument 'cmake_clean_first' from command line to 'False'
[1.651s] Level 5:colcon.colcon_core.verb:set package 'led_control' build argument 'cmake_force_configure' from command line to 'False'
[1.651s] Level 5:colcon.colcon_core.verb:set package 'led_control' build argument 'ament_cmake_args' from command line to 'None'
[1.651s] Level 5:colcon.colcon_core.verb:set package 'led_control' build argument 'catkin_cmake_args' from command line to 'None'
[1.651s] Level 5:colcon.colcon_core.verb:set package 'led_control' build argument 'catkin_skip_building_tests' from command line to 'False'
[1.651s] DEBUG:colcon.colcon_core.verb:Building package 'led_control' with the following arguments: {'ament_cmake_args': None, 'build_base': '/home/adavya/ros2_led_ws/build/led_control', 'catkin_cmake_args': None, 'catkin_skip_building_tests': False, 'cmake_args': None, 'cmake_clean_cache': False, 'cmake_clean_first': False, 'cmake_force_configure': False, 'cmake_target': None, 'cmake_target_skip_unavailable': False, 'install_base': '/home/adavya/ros2_led_ws/install/led_control', 'merge_install': False, 'path': '/home/adavya/ros2_led_ws/src/led_control', 'symlink_install': False, 'test_result_base': None}
[1.652s] INFO:colcon.colcon_core.executor:Executing jobs using 'parallel' executor
[1.655s] DEBUG:colcon.colcon_parallel_executor.executor.parallel:run_until_complete
[1.656s] INFO:colcon.colcon_ros.task.ament_python.build:Building ROS package in '/home/adavya/ros2_led_ws/src/keyboard_input_node' with build type 'ament_python'
[1.656s] Level 1:colcon.colcon_core.shell:create_environment_hook('keyboard_input_node', 'ament_prefix_path')
[1.665s] INFO:colcon.colcon_core.plugin_system:Skipping extension 'colcon_core.shell.bat': Not used on non-Windows systems
[1.666s] INFO:colcon.colcon_core.shell:Creating environment hook '/home/adavya/ros2_led_ws/install/keyboard_input_node/share/keyboard_input_node/hook/ament_prefix_path.ps1'
[1.669s] INFO:colcon.colcon_core.shell:Creating environment descriptor '/home/adavya/ros2_led_ws/install/keyboard_input_node/share/keyboard_input_node/hook/ament_prefix_path.dsv'
[1.672s] INFO:colcon.colcon_core.shell:Creating environment hook '/home/adavya/ros2_led_ws/install/keyboard_input_node/share/keyboard_input_node/hook/ament_prefix_path.sh'
[1.676s] INFO:colcon.colcon_core.shell:Skip shell extension 'powershell' for command environment: Not usable outside of PowerShell
[1.677s] DEBUG:colcon.colcon_core.shell:Skip shell extension 'dsv' for command environment
[1.695s] INFO:colcon.colcon_ros.task.ament_python.build:Building ROS package in '/home/adavya/ros2_led_ws/src/led_control' with build type 'ament_python'
[1.695s] Level 1:colcon.colcon_core.shell:create_environment_hook('led_control', 'ament_prefix_path')
[1.697s] INFO:colcon.colcon_core.shell:Creating environment hook '/home/adavya/ros2_led_ws/install/led_control/share/led_control/hook/ament_prefix_path.ps1'
[1.699s] INFO:colcon.colcon_core.shell:Creating environment descriptor '/home/adavya/ros2_led_ws/install/led_control/share/led_control/hook/ament_prefix_path.dsv'
[1.701s] INFO:colcon.colcon_core.shell:Creating environment hook '/home/adavya/ros2_led_ws/install/led_control/share/led_control/hook/ament_prefix_path.sh'
[1.704s] INFO:colcon.colcon_core.shell:Skip shell extension 'powershell' for command environment: Not usable outside of PowerShell
[1.705s] DEBUG:colcon.colcon_core.shell:Skip shell extension 'dsv' for command environment
[2.921s] INFO:colcon.colcon_core.task.python.build:Building Python package in '/home/adavya/ros2_led_ws/src/keyboard_input_node'
[2.922s] INFO:colcon.colcon_core.shell:Skip shell extension 'powershell' for command environment: Not usable outside of PowerShell
[2.923s] DEBUG:colcon.colcon_core.shell:Skip shell extension 'dsv' for command environment
[4.106s] INFO:colcon.colcon_core.task.python.build:Building Python package in '/home/adavya/ros2_led_ws/src/led_control'
[4.107s] INFO:colcon.colcon_core.shell:Skip shell extension 'powershell' for command environment: Not usable outside of PowerShell
[4.107s] DEBUG:colcon.colcon_core.shell:Skip shell extension 'dsv' for command environment
[5.874s] DEBUG:colcon.colcon_core.event_handler.log_command:Invoking command in '/home/adavya/ros2_led_ws/src/led_control': PYTHONPATH=/home/adavya/ros2_led_ws/build/led_control/prefix_override:/home/adavya/ros2_led_ws/install/led_control/lib/python3.10/site-packages:${PYTHONPATH} /usr/bin/python3 -W ignore:setup.py install is deprecated setup.py egg_info --egg-base ../../build/led_control build --build-base /home/adavya/ros2_led_ws/build/led_control/build install --record /home/adavya/ros2_led_ws/build/led_control/install.log --single-version-externally-managed install_data
[5.894s] DEBUG:colcon.colcon_core.event_handler.log_command:Invoking command in '/home/adavya/ros2_led_ws/src/keyboard_input_node': PYTHONPATH=/home/adavya/ros2_led_ws/build/keyboard_input_node/prefix_override:/home/adavya/ros2_led_ws/install/keyboard_input_node/lib/python3.10/site-packages:${PYTHONPATH} /usr/bin/python3 -W ignore:setup.py install is deprecated setup.py egg_info --egg-base ../../build/keyboard_input_node build --build-base /home/adavya/ros2_led_ws/build/keyboard_input_node/build install --record /home/adavya/ros2_led_ws/build/keyboard_input_node/install.log --single-version-externally-managed install_data
[7.492s] DEBUG:colcon.colcon_core.event_handler.log_command:Invoked command in '/home/adavya/ros2_led_ws/src/led_control' returned '0': PYTHONPATH=/home/adavya/ros2_led_ws/build/led_control/prefix_override:/home/adavya/ros2_led_ws/install/led_control/lib/python3.10/site-packages:${PYTHONPATH} /usr/bin/python3 -W ignore:setup.py install is deprecated setup.py egg_info --egg-base ../../build/led_control build --build-base /home/adavya/ros2_led_ws/build/led_control/build install --record /home/adavya/ros2_led_ws/build/led_control/install.log --single-version-externally-managed install_data
[7.502s] Level 1:colcon.colcon_core.environment:checking '/home/adavya/ros2_led_ws/install/led_control' for CMake module files
[7.505s] Level 1:colcon.colcon_core.environment:checking '/home/adavya/ros2_led_ws/install/led_control' for CMake config files
[7.509s] Level 1:colcon.colcon_core.environment:checking '/home/adavya/ros2_led_ws/install/led_control/lib'
[7.510s] Level 1:colcon.colcon_core.environment:checking '/home/adavya/ros2_led_ws/install/led_control/bin'
[7.510s] Level 1:colcon.colcon_core.environment:checking '/home/adavya/ros2_led_ws/install/led_control/lib/pkgconfig/led_control.pc'
[7.511s] Level 1:colcon.colcon_core.environment:checking '/home/adavya/ros2_led_ws/install/led_control/lib/python3.10/site-packages'
[7.512s] Level 1:colcon.colcon_core.shell:create_environment_hook('led_control', 'pythonpath')
[7.513s] INFO:colcon.colcon_core.shell:Creating environment hook '/home/adavya/ros2_led_ws/install/led_control/share/led_control/hook/pythonpath.ps1'
[7.515s] INFO:colcon.colcon_core.shell:Creating environment descriptor '/home/adavya/ros2_led_ws/install/led_control/share/led_control/hook/pythonpath.dsv'
[7.516s] INFO:colcon.colcon_core.shell:Creating environment hook '/home/adavya/ros2_led_ws/install/led_control/share/led_control/hook/pythonpath.sh'
[7.519s] Level 1:colcon.colcon_core.environment:checking '/home/adavya/ros2_led_ws/install/led_control/bin'
[7.520s] Level 1:colcon.colcon_core.environment:create_environment_scripts_only(led_control)
[7.521s] INFO:colcon.colcon_core.shell:Creating package script '/home/adavya/ros2_led_ws/install/led_control/share/led_control/package.ps1'
[7.525s] INFO:colcon.colcon_core.shell:Creating package descriptor '/home/adavya/ros2_led_ws/install/led_control/share/led_control/package.dsv'
[7.527s] INFO:colcon.colcon_core.shell:Creating package script '/home/adavya/ros2_led_ws/install/led_control/share/led_control/package.sh'
[7.531s] INFO:colcon.colcon_core.shell:Creating package script '/home/adavya/ros2_led_ws/install/led_control/share/led_control/package.bash'
[7.534s] INFO:colcon.colcon_core.shell:Creating package script '/home/adavya/ros2_led_ws/install/led_control/share/led_control/package.zsh'
[7.537s] Level 1:colcon.colcon_core.environment:create_file_with_runtime_dependencies(/home/adavya/ros2_led_ws/install/led_control/share/colcon-core/packages/led_control)
[7.541s] Level 1:colcon.colcon_core.environment:checking '/home/adavya/ros2_led_ws/install/keyboard_input_node' for CMake module files
[7.544s] DEBUG:colcon.colcon_core.event_handler.log_command:Invoked command in '/home/adavya/ros2_led_ws/src/keyboard_input_node' returned '0': PYTHONPATH=/home/adavya/ros2_led_ws/build/keyboard_input_node/prefix_override:/home/adavya/ros2_led_ws/install/keyboard_input_node/lib/python3.10/site-packages:${PYTHONPATH} /usr/bin/python3 -W ignore:setup.py install is deprecated setup.py egg_info --egg-base ../../build/keyboard_input_node build --build-base /home/adavya/ros2_led_ws/build/keyboard_input_node/build install --record /home/adavya/ros2_led_ws/build/keyboard_input_node/install.log --single-version-externally-managed install_data
[7.546s] Level 1:colcon.colcon_core.environment:checking '/home/adavya/ros2_led_ws/install/keyboard_input_node' for CMake config files
[7.550s] Level 1:colcon.colcon_core.environment:checking '/home/adavya/ros2_led_ws/install/keyboard_input_node/lib'
[7.550s] Level 1:colcon.colcon_core.environment:checking '/home/adavya/ros2_led_ws/install/keyboard_input_node/bin'
[7.550s] Level 1:colcon.colcon_core.environment:checking '/home/adavya/ros2_led_ws/install/keyboard_input_node/lib/pkgconfig/keyboard_input_node.pc'
[7.551s] Level 1:colcon.colcon_core.environment:checking '/home/adavya/ros2_led_ws/install/keyboard_input_node/lib/python3.10/site-packages'
[7.552s] Level 1:colcon.colcon_core.shell:create_environment_hook('keyboard_input_node', 'pythonpath')
[7.553s] INFO:colcon.colcon_core.shell:Creating environment hook '/home/adavya/ros2_led_ws/install/keyboard_input_node/share/keyboard_input_node/hook/pythonpath.ps1'
[7.556s] INFO:colcon.colcon_core.shell:Creating environment descriptor '/home/adavya/ros2_led_ws/install/keyboard_input_node/share/keyboard_input_node/hook/pythonpath.dsv'
[7.558s] INFO:colcon.colcon_core.shell:Creating environment hook '/home/adavya/ros2_led_ws/install/keyboard_input_node/share/keyboard_input_node/hook/pythonpath.sh'
[7.560s] Level 1:colcon.colcon_core.environment:checking '/home/adavya/ros2_led_ws/install/keyboard_input_node/bin'
[7.561s] Level 1:colcon.colcon_core.environment:create_environment_scripts_only(keyboard_input_node)
[7.562s] INFO:colcon.colcon_core.shell:Creating package script '/home/adavya/ros2_led_ws/install/keyboard_input_node/share/keyboard_input_node/package.ps1'
[7.565s] INFO:colcon.colcon_core.shell:Creating package descriptor '/home/adavya/ros2_led_ws/install/keyboard_input_node/share/keyboard_input_node/package.dsv'
[7.567s] INFO:colcon.colcon_core.shell:Creating package script '/home/adavya/ros2_led_ws/install/keyboard_input_node/share/keyboard_input_node/package.sh'
[7.569s] INFO:colcon.colcon_core.shell:Creating package script '/home/adavya/ros2_led_ws/install/keyboard_input_node/share/keyboard_input_node/package.bash'
[7.571s] INFO:colcon.colcon_core.shell:Creating package script '/home/adavya/ros2_led_ws/install/keyboard_input_node/share/keyboard_input_node/package.zsh'
[7.573s] Level 1:colcon.colcon_core.environment:create_file_with_runtime_dependencies(/home/adavya/ros2_led_ws/install/keyboard_input_node/share/colcon-core/packages/keyboard_input_node)
[7.574s] DEBUG:colcon.colcon_parallel_executor.executor.parallel:closing loop
[7.575s] DEBUG:colcon.colcon_parallel_executor.executor.parallel:loop closed
[7.576s] DEBUG:colcon.colcon_parallel_executor.executor.parallel:run_until_complete finished with '0'
[7.576s] DEBUG:colcon.colcon_core.event_reactor:joining thread
[7.599s] INFO:colcon.colcon_core.plugin_system:Skipping extension 'colcon_notification.desktop_notification.terminal_notifier': Not used on non-Darwin systems
[7.600s] INFO:colcon.colcon_core.plugin_system:Skipping extension 'colcon_notification.desktop_notification.win32': Not used on non-Windows systems
[7.600s] INFO:colcon.colcon_notification.desktop_notification:Sending desktop notification using 'notify2'
[7.659s] DEBUG:colcon.colcon_core.event_reactor:joined thread
[7.660s] INFO:colcon.colcon_core.shell:Creating prefix script '/home/adavya/ros2_led_ws/install/local_setup.ps1'
[7.664s] INFO:colcon.colcon_core.shell:Creating prefix util module '/home/adavya/ros2_led_ws/install/_local_setup_util_ps1.py'
[7.671s] INFO:colcon.colcon_core.shell:Creating prefix chain script '/home/adavya/ros2_led_ws/install/setup.ps1'
[7.676s] INFO:colcon.colcon_core.shell:Creating prefix script '/home/adavya/ros2_led_ws/install/local_setup.sh'
[7.679s] INFO:colcon.colcon_core.shell:Creating prefix util module '/home/adavya/ros2_led_ws/install/_local_setup_util_sh.py'
[7.681s] INFO:colcon.colcon_core.shell:Creating prefix chain script '/home/adavya/ros2_led_ws/install/setup.sh'
[7.685s] INFO:colcon.colcon_core.shell:Creating prefix script '/home/adavya/ros2_led_ws/install/local_setup.bash'
[7.688s] INFO:colcon.colcon_core.shell:Creating prefix chain script '/home/adavya/ros2_led_ws/install/setup.bash'
[7.693s] INFO:colcon.colcon_core.shell:Creating prefix script '/home/adavya/ros2_led_ws/install/local_setup.zsh'
[7.696s] INFO:colcon.colcon_core.shell:Creating prefix chain script '/home/adavya/ros2_led_ws/install/setup.zsh'
